<?xml version="1.0" encoding="UTF-8"?>
<!-- Generated by org.testng.reporters.JUnitReportReporter -->
<testsuite hostname="DESKTOP-BSS5US9" failures="0" tests="15" name="com.WebSiteTesting.WebTesting" time="41.579" errors="0" timestamp="2024-01-26T23:46:45 IST" skipped="14">
  <testcase classname="com.WebSiteTesting.WebTesting" name="WindowHandle" time="41.579"/>
  <system-out/>
  <testcase classname="com.WebSiteTesting.WebTesting" name="RegisterScreenTest">
    <skipped/>
  </testcase> <!-- RegisterScreenTest -->
  <system-out/>
  <testcase classname="com.WebSiteTesting.WebTesting" name="LoginTest">
    <skipped/>
  </testcase> <!-- LoginTest -->
  <system-out/>
  <testcase classname="com.WebSiteTesting.WebTesting" name="Resizable">
    <skipped/>
  </testcase> <!-- Resizable -->
  <system-out/>
  <testcase classname="com.WebSiteTesting.WebTesting" name="RadioAndCheckBoxValidate">
    <skipped/>
  </testcase> <!-- RadioAndCheckBoxValidate -->
  <system-out/>
  <testcase classname="com.WebSiteTesting.WebTesting" name="SwitchingToMultipleWindow">
    <skipped/>
  </testcase> <!-- SwitchingToMultipleWindow -->
  <system-out/>
  <testcase classname="com.WebSiteTesting.WebTesting" name="Slider">
    <skipped/>
  </testcase> <!-- Slider -->
  <system-out/>
  <testcase classname="com.WebSiteTesting.WebTesting" name="SwitchingToFrame">
    <skipped/>
  </testcase> <!-- SwitchingToFrame -->
  <system-out/>
  <testcase classname="com.WebSiteTesting.WebTesting" name="SwitchingToModal">
    <skipped/>
  </testcase> <!-- SwitchingToModal -->
  <system-out/>
  <testcase classname="com.WebSiteTesting.WebTesting" name="SwitchingToMultipleModal">
    <skipped/>
  </testcase> <!-- SwitchingToMultipleModal -->
  <system-out/>
  <testcase classname="com.WebSiteTesting.WebTesting" name="DatePicker">
    <skipped/>
  </testcase> <!-- DatePicker -->
  <system-out/>
  <testcase classname="com.WebSiteTesting.WebTesting" name="AlertWindow">
    <skipped/>
  </testcase> <!-- AlertWindow -->
  <system-out/>
  <testcase classname="com.WebSiteTesting.WebTesting" name="DragAndDrop">
    <skipped/>
  </testcase> <!-- DragAndDrop -->
  <system-out/>
  <testcase classname="com.WebSiteTesting.WebTesting" name="TakingScreenShot">
    <skipped/>
  </testcase> <!-- TakingScreenShot -->
  <system-out/>
  <testcase classname="com.WebSiteTesting.WebTesting" name="Robot_Automate">
    <skipped/>
  </testcase> <!-- Robot_Automate -->
  <system-out/>
</testsuite> <!-- com.WebSiteTesting.WebTesting -->
